<?xml version="1.0" encoding="UTF-8"?>
<!-- Generated by org.testng.reporters.JUnitXMLReporter -->
<testsuite hostname="CBT-MH-000" name="Test" tests="8" failures="0" timestamp="30 Oct 2019 11:22:15 GMT" time="19.099" errors="0">
  <testcase name="postTweet" time="6.871" classname="project_tweet.Create_tweet"/>
  <testcase name="usernameTweet" time="1.903" classname="project_tweet.User_Name"/>
  <testcase name="allTweets" time="0.871" classname="project_tweet.All_Tweets"/>
  <testcase name="searchTweet" time="1.645" classname="project_tweet.Search_Tweet"/>
  <testcase name="usernameTweet" time="0.751" classname="project_tweet.Weather_Report"/>
  <testcase name="triendingTweet" time="4.133" classname="project_tweet.Hashtags_tweet"/>
  <testcase name="getTweet" time="0.597" classname="project_tweet.Twitter"/>
  <testcase name="getTweet" time="0.786" classname="project_tweet.Blocking_user"/>
</testsuite> <!-- Test -->
