<?xml version="1.0" encoding="UTF-8"?>
<testng-results skipped="0" failed="0" total="1" passed="1">
  <reporter-output>
  </reporter-output>
  <suite name="Default suite" duration-ms="6304" started-at="2019-10-31T06:46:14Z" finished-at="2019-10-31T06:46:21Z">
    <groups>
    </groups>
    <test name="Default test" duration-ms="6304" started-at="2019-10-31T06:46:14Z" finished-at="2019-10-31T06:46:21Z">
      <class name="project_tweet.User_Name">
        <test-method status="PASS" signature="usernameTweet()[pri:0, instance:project_tweet.User_Name@3e9b1010]" name="usernameTweet" duration-ms="6272" started-at="2019-10-31T12:16:14Z" finished-at="2019-10-31T12:16:21Z">
          <reporter-output>
          </reporter-output>
        </test-method> <!-- usernameTweet -->
      </class> <!-- project_tweet.User_Name -->
    </test> <!-- Default test -->
  </suite> <!-- Default suite -->
</testng-results>
